[2021-07-22 08:55:05,083] [http-nio-8080-exec-4] DEBUG org.springframework.web.servlet.mvc.method.annotation.RequestResponseBodyMethodProcessor Using 'text/plain', given [*/*] and supported [text/plain, */*, text/plain, */*, application/json, application/*+json, application/json, application/*+json]
[2021-07-22 08:55:05,095] [http-nio-8080-exec-4] DEBUG org.springframework.web.servlet.mvc.method.annotation.RequestResponseBodyMethodProcessor Writing ["Hola hola"]
[2021-07-22 08:55:05,095] [http-nio-8080-exec-4] DEBUG org.springframework.web.servlet.DispatcherServlet Completed 200 OK
[2021-07-22 08:55:25,003] [http-nio-8080-exec-5] DEBUG org.springframework.web.servlet.DispatcherServlet GET "/api/v1/saludo/ERROR/hola_chuchi", parameters={}
[2021-07-22 08:55:25,003] [http-nio-8080-exec-5] DEBUG org.springframework.web.servlet.mvc.method.annotation.RequestMappingHandlerMapping Mapped to com.example.logging.controller.EjemploRest#saludame(String, String)
[2021-07-22 08:55:25,003] [http-nio-8080-exec-5] ERROR com.example.logging.controller.EjemploRest Mostrando nombre: hola_chuchi
[2021-07-22 08:55:25,003] [http-nio-8080-exec-5] DEBUG org.springframework.web.servlet.mvc.method.annotation.RequestResponseBodyMethodProcessor Using 'text/plain', given [*/*] and supported [text/plain, */*, text/plain, */*, application/json, application/*+json, application/json, application/*+json]
[2021-07-22 08:55:25,003] [http-nio-8080-exec-5] DEBUG org.springframework.web.servlet.mvc.method.annotation.RequestResponseBodyMethodProcessor Writing ["Hola hola_chuchi"]
[2021-07-22 08:55:25,003] [http-nio-8080-exec-5] DEBUG org.springframework.web.servlet.DispatcherServlet Completed 200 OK
[2021-07-22 08:57:14,887] [main] INFO com.example.logging.LoggingApplication Starting LoggingApplication using Java 16.0.1 on EM2020002425 with PID 3484 (C:\a\Logging\target\classes started by jesus.javier in C:\a\Logging)
[2021-07-22 08:57:14,898] [main] INFO com.example.logging.LoggingApplication No active profile set, falling back to default profiles: default
[2021-07-22 08:57:16,453] [main] INFO org.springframework.boot.web.embedded.tomcat.TomcatWebServer Tomcat initialized with port(s): 8080 (http)
[2021-07-22 08:57:16,475] [main] INFO org.apache.catalina.core.StandardService Starting service [Tomcat]
[2021-07-22 08:57:16,475] [main] INFO org.apache.catalina.core.StandardEngine Starting Servlet engine: [Apache Tomcat/9.0.48]
[2021-07-22 08:57:16,596] [main] INFO org.apache.catalina.core.ContainerBase.[Tomcat].[localhost].[/] Initializing Spring embedded WebApplicationContext
[2021-07-22 08:57:16,596] [main] INFO org.springframework.boot.web.servlet.context.ServletWebServerApplicationContext Root WebApplicationContext: initialization completed in 1608 ms
[2021-07-22 08:57:17,135] [main] INFO org.springframework.boot.web.embedded.tomcat.TomcatWebServer Tomcat started on port(s): 8080 (http) with context path ''
[2021-07-22 08:57:17,157] [main] INFO com.example.logging.LoggingApplication Started LoggingApplication in 3.079 seconds (JVM running for 4.036)
[2021-07-22 08:58:13,507] [http-nio-8080-exec-1] INFO org.apache.catalina.core.ContainerBase.[Tomcat].[localhost].[/] Initializing Spring DispatcherServlet 'dispatcherServlet'
[2021-07-22 08:58:13,507] [http-nio-8080-exec-1] INFO org.springframework.web.servlet.DispatcherServlet Initializing Servlet 'dispatcherServlet'
[2021-07-22 08:58:13,508] [http-nio-8080-exec-1] INFO org.springframework.web.servlet.DispatcherServlet Completed initialization in 1 ms
[2021-07-22 08:58:13,533] [http-nio-8080-exec-1] ERROR com.example.logging.controller.EjemploRest Mostrando nombre: hola_chuchi111
[2021-07-22 08:58:57,356] [http-nio-8080-exec-2] ERROR com.example.logging.controller.EjemploRest Mostrando nombre: hola_chuchi111
[2021-07-22 08:59:10,123] [http-nio-8080-exec-3] ERROR com.example.logging.controller.EjemploRest Mostrando nombre: hola_chuchi111
[2021-07-22 08:59:42,663] [http-nio-8080-exec-4] ERROR com.example.logging.controller.EjemploRest Mostrando nombre: hola_chuchi222
[2021-07-22 08:59:50,269] [http-nio-8080-exec-5] INFO com.example.logging.controller.EjemploRest Saludo realizado con exito
[2021-07-22 08:59:55,510] [http-nio-8080-exec-6] INFO com.example.logging.controller.EjemploRest Saludo realizado con exito
[2021-07-22 09:01:08,815] [main] INFO com.example.logging.LoggingApplication Starting LoggingApplication using Java 16.0.1 on EM2020002425 with PID 18080 (C:\a\Logging\target\classes started by jesus.javier in C:\a\Logging)
[2021-07-22 09:01:08,819] [main] INFO com.example.logging.LoggingApplication No active profile set, falling back to default profiles: default
[2021-07-22 09:01:10,555] [main] INFO org.springframework.boot.web.embedded.tomcat.TomcatWebServer Tomcat initialized with port(s): 8080 (http)
[2021-07-22 09:01:10,575] [main] INFO org.apache.catalina.core.StandardService Starting service [Tomcat]
[2021-07-22 09:01:10,575] [main] INFO org.apache.catalina.core.StandardEngine Starting Servlet engine: [Apache Tomcat/9.0.48]
[2021-07-22 09:01:10,691] [main] INFO org.apache.catalina.core.ContainerBase.[Tomcat].[localhost].[/] Initializing Spring embedded WebApplicationContext
[2021-07-22 09:01:10,691] [main] INFO org.springframework.boot.web.servlet.context.ServletWebServerApplicationContext Root WebApplicationContext: initialization completed in 1768 ms
